{"level":"error","message":{"body":{"code":"ER_BAD_FIELD_ERROR","errno":1054,"sql":"SELECT Users.userid, Users.username, Users.companyid, Users.profilepicture, SUM(Points) AS Points FROM CompletedModules JOIN UserPoints ON UserPoints.PointsID = CompletedModules.LearningModID RIGHT JOIN Users ON Users.userid = CompletedModules.UserID JOIN AffiliatedUsers ON AffiliatedUsers.UserID = Users.userid WHERE AffiliatedUsers.CompanyID = undefined GROUP BY Users.userid ","sqlMessage":"Unknown column 'undefined' in 'where clause'","sqlState":"42S22"},"methodName":"/geQuery"},"service":"query-service","timestamp":"2022-04-18T08:09:23.924Z"}
{"level":"error","message":{"body":{"code":"ER_BAD_FIELD_ERROR","errno":1054,"sql":"SELECT * FROM Companies WHERE companyid = undefined","sqlMessage":"Unknown column 'undefined' in 'where clause'","sqlState":"42S22"},"methodName":"/geQuery"},"service":"query-service","timestamp":"2022-04-18T08:09:24.021Z"}
{"level":"error","message":{"body":{"code":"ER_BAD_FIELD_ERROR","errno":1054,"sql":"SELECT Users.userid, Users.username, Users.companyid, Users.profilepicture, SUM(Points) AS Points FROM CompletedModules JOIN UserPoints ON UserPoints.PointsID = CompletedModules.LearningModID RIGHT JOIN Users ON Users.userid = CompletedModules.UserID JOIN AffiliatedUsers ON AffiliatedUsers.UserID = Users.userid WHERE AffiliatedUsers.CompanyID = undefined GROUP BY Users.userid ","sqlMessage":"Unknown column 'undefined' in 'where clause'","sqlState":"42S22"},"methodName":"/geQuery"},"service":"query-service","timestamp":"2022-04-18T08:09:35.165Z"}
{"level":"error","message":{"body":{"code":"ER_BAD_FIELD_ERROR","errno":1054,"sql":"SELECT * FROM Companies WHERE companyid = undefined","sqlMessage":"Unknown column 'undefined' in 'where clause'","sqlState":"42S22"},"methodName":"/geQuery"},"service":"query-service","timestamp":"2022-04-18T08:09:35.354Z"}
{"level":"error","message":{"body":"Failed assign to module 1 to company-24: Error: Duplicate entry '1-24' for key 'CompanyLearningModules.PRIMARY'.","methodName":"/assignModulesTest"},"service":"query-service","timestamp":"2022-04-18T22:12:32.503Z"}
{"level":"error","message":{"body":"Failed assign to module 2 to company-24: Error: Duplicate entry '2-24' for key 'CompanyLearningModules.PRIMARY'.","methodName":"/assignModulesTest"},"service":"query-service","timestamp":"2022-04-18T22:12:35.795Z"}
{"level":"error","message":{"body":"Failed assign to module 4 to company-24: Error: Duplicate entry '4-24' for key 'CompanyLearningModules.PRIMARY'.","methodName":"/assignModulesTest"},"service":"query-service","timestamp":"2022-04-18T22:12:42.761Z"}
{"level":"error","message":{"body":"Failed assign to module 5 to company-24: Error: Duplicate entry '5-24' for key 'CompanyLearningModules.PRIMARY'.","methodName":"/assignModulesTest"},"service":"query-service","timestamp":"2022-04-18T22:12:44.655Z"}
{"level":"error","message":{"body":"Failed assign to module 5 to company-24: Error: Duplicate entry '5-24' for key 'CompanyLearningModules.PRIMARY'.","methodName":"/assignModulesTest"},"service":"query-service","timestamp":"2022-04-18T22:15:09.445Z"}
{"level":"error","message":{"body":{"code":"EADDRNOTAVAIL","errno":-49,"fatal":true,"syscall":"read"},"methodName":"/queryProfilePicture"},"service":"query-service","timestamp":"2022-04-18T22:41:57.590Z"}
{"level":"error","message":{"body":{"code":"EADDRNOTAVAIL","errno":-49,"fatal":true,"syscall":"read"},"methodName":"/geQuery"},"service":"query-service","timestamp":"2022-04-18T22:41:57.594Z"}
{"level":"error","message":{"body":{"code":"EADDRNOTAVAIL","errno":-49,"fatal":true,"syscall":"read"},"methodName":"/queryProfilePicture"},"service":"query-service","timestamp":"2022-04-18T22:41:57.594Z"}
{"level":"error","message":{"body":{"code":"EADDRNOTAVAIL","errno":-49,"fatal":true,"syscall":"read"},"methodName":"/geQuery"},"service":"query-service","timestamp":"2022-04-18T22:41:57.595Z"}
{"level":"error","message":{"body":{"fatal":true},"methodName":"/queryProfilePicture"},"service":"query-service","timestamp":"2022-04-18T22:41:57.610Z"}
{"level":"error","message":{"body":{"fatal":true},"methodName":"/queryProfilePicture"},"service":"query-service","timestamp":"2022-04-18T22:43:27.153Z"}
{"level":"error","message":{"body":{"fatal":true},"methodName":"/geQuery"},"service":"query-service","timestamp":"2022-04-18T22:43:27.162Z"}
{"level":"error","message":{"body":{"fatal":true},"methodName":"/geQuery"},"service":"query-service","timestamp":"2022-04-18T22:43:27.207Z"}
{"level":"error","message":{"body":{"fatal":true},"methodName":"/queryProfilePicture"},"service":"query-service","timestamp":"2022-04-18T22:43:27.208Z"}
{"level":"error","message":{"body":{"fatal":true},"methodName":"/geQuery"},"service":"query-service","timestamp":"2022-04-18T22:43:28.895Z"}
{"level":"error","message":{"body":{"fatal":true},"methodName":"/geQuery"},"service":"query-service","timestamp":"2022-04-18T22:43:28.897Z"}
{"level":"error","message":{"body":{"fatal":true},"methodName":"/geQuery"},"service":"query-service","timestamp":"2022-04-18T22:43:28.899Z"}
{"level":"error","message":{"body":{"fatal":true},"methodName":"/geQuery"},"service":"query-service","timestamp":"2022-04-18T22:43:28.900Z"}
{"level":"error","message":{"body":{"fatal":true},"methodName":"/geQuery"},"service":"query-service","timestamp":"2022-04-18T22:43:28.935Z"}
{"level":"error","message":{"body":{"code":"EADDRNOTAVAIL","errno":-49,"fatal":true,"syscall":"read"},"methodName":"/geQuery"},"service":"query-service","timestamp":"2022-04-18T23:07:23.988Z"}
{"level":"error","message":{"body":{"code":"ER_BAD_FIELD_ERROR","errno":1054,"sql":"SELECT * FROM Companies WHERE companyid = undefined","sqlMessage":"Unknown column 'undefined' in 'where clause'","sqlState":"42S22"},"methodName":"/geQuery"},"service":"query-service","timestamp":"2022-04-18T23:25:11.963Z"}
{"level":"error","message":{"body":{"code":"ER_BAD_FIELD_ERROR","errno":1054,"sql":"SELECT Users.userid, Users.username, Users.companyid, Users.profilepicture, SUM(Points) AS Points FROM CompletedModules JOIN UserPoints ON UserPoints.PointsID = CompletedModules.LearningModID RIGHT JOIN Users ON Users.userid = CompletedModules.UserID JOIN AffiliatedUsers ON AffiliatedUsers.UserID = Users.userid WHERE AffiliatedUsers.CompanyID = undefined GROUP BY Users.userid ","sqlMessage":"Unknown column 'undefined' in 'where clause'","sqlState":"42S22"},"methodName":"/geQuery"},"service":"query-service","timestamp":"2022-04-18T23:25:12.117Z"}
{"level":"error","message":{"body":{"code":"ER_BAD_FIELD_ERROR","errno":1054,"sql":"SELECT * FROM AffiliatedUsers WHERE UserID = undefined","sqlMessage":"Unknown column 'undefined' in 'where clause'","sqlState":"42S22"},"methodName":"/geQuery"},"service":"query-service","timestamp":"2022-04-18T23:28:12.839Z"}
{"level":"error","message":{"body":{"code":"ER_BAD_FIELD_ERROR","errno":1054,"sql":"SELECT Users.userid, Users.username, Users.companyid, Users.profilepicture, SUM(Points) AS Points FROM CompletedModules JOIN UserPoints ON UserPoints.PointsID = CompletedModules.LearningModID RIGHT JOIN Users ON Users.userid = CompletedModules.UserID JOIN AffiliatedUsers ON AffiliatedUsers.UserID = Users.userid WHERE AffiliatedUsers.CompanyID = undefined GROUP BY Users.userid ","sqlMessage":"Unknown column 'undefined' in 'where clause'","sqlState":"42S22"},"methodName":"/geQuery"},"service":"query-service","timestamp":"2022-04-18T23:42:09.898Z"}
{"level":"error","message":{"body":{"code":"ER_BAD_FIELD_ERROR","errno":1054,"sql":"SELECT * FROM Companies WHERE companyid = undefined","sqlMessage":"Unknown column 'undefined' in 'where clause'","sqlState":"42S22"},"methodName":"/geQuery"},"service":"query-service","timestamp":"2022-04-18T23:42:10.098Z"}
{"level":"error","message":{"body":{"code":"ER_BAD_FIELD_ERROR","errno":1054,"sql":"SELECT Users.userid, Users.username, Users.companyid, Users.profilepicture, SUM(Points) AS Points FROM CompletedModules JOIN UserPoints ON UserPoints.PointsID = CompletedModules.LearningModID RIGHT JOIN Users ON Users.userid = CompletedModules.UserID JOIN AffiliatedUsers ON AffiliatedUsers.UserID = Users.userid WHERE AffiliatedUsers.CompanyID = undefined GROUP BY Users.userid ","sqlMessage":"Unknown column 'undefined' in 'where clause'","sqlState":"42S22"},"methodName":"/geQuery"},"service":"query-service","timestamp":"2022-04-19T00:20:02.462Z"}
{"level":"error","message":{"body":{"code":"ER_BAD_FIELD_ERROR","errno":1054,"sql":"SELECT * FROM Companies WHERE companyid = undefined","sqlMessage":"Unknown column 'undefined' in 'where clause'","sqlState":"42S22"},"methodName":"/geQuery"},"service":"query-service","timestamp":"2022-04-19T00:20:02.595Z"}
{"level":"error","message":{"errorBody":{"code":"ER_DUP_ENTRY","errno":1062,"sql":"INSERT INTO UserPoints (PointsID, UserID, CompanyID) VALUES ('1',173,24)","sqlMessage":"Duplicate entry '1' for key 'UserPoints.PRIMARY'","sqlState":"23000"},"methodName":"/moduleCompleted"},"service":"user-service","timestamp":"2022-04-19T00:20:51.875Z"}
{"level":"error","message":{"body":{"code":"ER_BAD_FIELD_ERROR","errno":1054,"sql":"SELECT Users.userid, Users.username, Users.companyid, Users.profilepicture, SUM(Points) AS Points FROM CompletedModules JOIN UserPoints ON UserPoints.PointsID = CompletedModules.LearningModID RIGHT JOIN Users ON Users.userid = CompletedModules.UserID JOIN AffiliatedUsers ON AffiliatedUsers.UserID = Users.userid WHERE AffiliatedUsers.CompanyID = undefined GROUP BY Users.userid ","sqlMessage":"Unknown column 'undefined' in 'where clause'","sqlState":"42S22"},"methodName":"/geQuery"},"service":"query-service","timestamp":"2022-04-19T00:21:27.494Z"}
{"level":"error","message":{"body":{"code":"ER_BAD_FIELD_ERROR","errno":1054,"sql":"SELECT * FROM Companies WHERE companyid = undefined","sqlMessage":"Unknown column 'undefined' in 'where clause'","sqlState":"42S22"},"methodName":"/geQuery"},"service":"query-service","timestamp":"2022-04-19T00:21:27.953Z"}
{"level":"error","message":{"body":{"code":"ER_BAD_FIELD_ERROR","errno":1054,"sql":"SELECT * FROM AffiliatedUsers WHERE UserID = undefined","sqlMessage":"Unknown column 'undefined' in 'where clause'","sqlState":"42S22"},"methodName":"/geQuery"},"service":"query-service","timestamp":"2022-04-19T01:00:39.736Z"}
